<?xml version="1.0" encoding="UTF-8"?>
<testsuite xmlns:xsi="http://www.w3.org/2001/XMLSchema-instance" xsi:noNamespaceSchemaLocation="https://maven.apache.org/surefire/maven-surefire-plugin/xsd/surefire-test-report.xsd" name="com.beyond.st.StApplicationTests" time="6.822" tests="1" errors="0" skipped="0" failures="0">
  <properties>
    <property name="sun.desktop" value="windows"/>
    <property name="awt.toolkit" value="sun.awt.windows.WToolkit"/>
    <property name="file.encoding.pkg" value="sun.io"/>
    <property name="java.specification.version" value="1.8"/>
    <property name="sun.cpu.isalist" value="amd64"/>
    <property name="sun.jnu.encoding" value="GBK"/>
    <property name="java.class.path" value="X:\workSpace\idea\st\target\test-classes;X:\workSpace\idea\st\target\classes;F:\java\maven3\org\springframework\boot\spring-boot-starter-web\2.1.1.RELEASE\spring-boot-starter-web-2.1.1.RELEASE.jar;F:\java\maven3\org\springframework\boot\spring-boot-starter\2.1.1.RELEASE\spring-boot-starter-2.1.1.RELEASE.jar;F:\java\maven3\org\springframework\boot\spring-boot\2.1.1.RELEASE\spring-boot-2.1.1.RELEASE.jar;F:\java\maven3\org\springframework\boot\spring-boot-autoconfigure\2.1.1.RELEASE\spring-boot-autoconfigure-2.1.1.RELEASE.jar;F:\java\maven3\org\springframework\boot\spring-boot-starter-logging\2.1.1.RELEASE\spring-boot-starter-logging-2.1.1.RELEASE.jar;F:\java\maven3\ch\qos\logback\logback-classic\1.2.3\logback-classic-1.2.3.jar;F:\java\maven3\ch\qos\logback\logback-core\1.2.3\logback-core-1.2.3.jar;F:\java\maven3\org\apache\logging\log4j\log4j-to-slf4j\2.11.1\log4j-to-slf4j-2.11.1.jar;F:\java\maven3\org\apache\logging\log4j\log4j-api\2.11.1\log4j-api-2.11.1.jar;F:\java\maven3\org\slf4j\jul-to-slf4j\1.7.25\jul-to-slf4j-1.7.25.jar;F:\java\maven3\javax\annotation\javax.annotation-api\1.3.2\javax.annotation-api-1.3.2.jar;F:\java\maven3\org\yaml\snakeyaml\1.23\snakeyaml-1.23.jar;F:\java\maven3\org\springframework\boot\spring-boot-starter-json\2.1.1.RELEASE\spring-boot-starter-json-2.1.1.RELEASE.jar;F:\java\maven3\com\fasterxml\jackson\core\jackson-databind\2.9.7\jackson-databind-2.9.7.jar;F:\java\maven3\com\fasterxml\jackson\core\jackson-annotations\2.9.0\jackson-annotations-2.9.0.jar;F:\java\maven3\com\fasterxml\jackson\core\jackson-core\2.9.7\jackson-core-2.9.7.jar;F:\java\maven3\com\fasterxml\jackson\datatype\jackson-datatype-jdk8\2.9.7\jackson-datatype-jdk8-2.9.7.jar;F:\java\maven3\com\fasterxml\jackson\datatype\jackson-datatype-jsr310\2.9.7\jackson-datatype-jsr310-2.9.7.jar;F:\java\maven3\com\fasterxml\jackson\module\jackson-module-parameter-names\2.9.7\jackson-module-parameter-names-2.9.7.jar;F:\java\maven3\org\springframework\boot\spring-boot-starter-tomcat\2.1.1.RELEASE\spring-boot-starter-tomcat-2.1.1.RELEASE.jar;F:\java\maven3\org\apache\tomcat\embed\tomcat-embed-core\9.0.13\tomcat-embed-core-9.0.13.jar;F:\java\maven3\org\apache\tomcat\embed\tomcat-embed-el\9.0.13\tomcat-embed-el-9.0.13.jar;F:\java\maven3\org\apache\tomcat\embed\tomcat-embed-websocket\9.0.13\tomcat-embed-websocket-9.0.13.jar;F:\java\maven3\org\hibernate\validator\hibernate-validator\6.0.13.Final\hibernate-validator-6.0.13.Final.jar;F:\java\maven3\javax\validation\validation-api\2.0.1.Final\validation-api-2.0.1.Final.jar;F:\java\maven3\org\jboss\logging\jboss-logging\3.3.2.Final\jboss-logging-3.3.2.Final.jar;F:\java\maven3\com\fasterxml\classmate\1.4.0\classmate-1.4.0.jar;F:\java\maven3\org\springframework\spring-web\5.1.3.RELEASE\spring-web-5.1.3.RELEASE.jar;F:\java\maven3\org\springframework\spring-beans\5.1.3.RELEASE\spring-beans-5.1.3.RELEASE.jar;F:\java\maven3\org\springframework\spring-webmvc\5.1.3.RELEASE\spring-webmvc-5.1.3.RELEASE.jar;F:\java\maven3\org\springframework\spring-aop\5.1.3.RELEASE\spring-aop-5.1.3.RELEASE.jar;F:\java\maven3\org\springframework\spring-context\5.1.3.RELEASE\spring-context-5.1.3.RELEASE.jar;F:\java\maven3\org\springframework\spring-expression\5.1.3.RELEASE\spring-expression-5.1.3.RELEASE.jar;F:\java\maven3\org\springframework\boot\spring-boot-starter-test\2.1.1.RELEASE\spring-boot-starter-test-2.1.1.RELEASE.jar;F:\java\maven3\org\springframework\boot\spring-boot-test\2.1.1.RELEASE\spring-boot-test-2.1.1.RELEASE.jar;F:\java\maven3\org\springframework\boot\spring-boot-test-autoconfigure\2.1.1.RELEASE\spring-boot-test-autoconfigure-2.1.1.RELEASE.jar;F:\java\maven3\com\jayway\jsonpath\json-path\2.4.0\json-path-2.4.0.jar;F:\java\maven3\net\minidev\json-smart\2.3\json-smart-2.3.jar;F:\java\maven3\net\minidev\accessors-smart\1.2\accessors-smart-1.2.jar;F:\java\maven3\org\ow2\asm\asm\5.0.4\asm-5.0.4.jar;F:\java\maven3\org\slf4j\slf4j-api\1.7.25\slf4j-api-1.7.25.jar;F:\java\maven3\junit\junit\4.12\junit-4.12.jar;F:\java\maven3\org\assertj\assertj-core\3.11.1\assertj-core-3.11.1.jar;F:\java\maven3\org\mockito\mockito-core\2.23.4\mockito-core-2.23.4.jar;F:\java\maven3\net\bytebuddy\byte-buddy\1.9.5\byte-buddy-1.9.5.jar;F:\java\maven3\net\bytebuddy\byte-buddy-agent\1.9.5\byte-buddy-agent-1.9.5.jar;F:\java\maven3\org\objenesis\objenesis\2.6\objenesis-2.6.jar;F:\java\maven3\org\hamcrest\hamcrest-core\1.3\hamcrest-core-1.3.jar;F:\java\maven3\org\hamcrest\hamcrest-library\1.3\hamcrest-library-1.3.jar;F:\java\maven3\org\skyscreamer\jsonassert\1.5.0\jsonassert-1.5.0.jar;F:\java\maven3\com\vaadin\external\google\android-json\0.0.20131108.vaadin1\android-json-0.0.20131108.vaadin1.jar;F:\java\maven3\org\springframework\spring-core\5.1.3.RELEASE\spring-core-5.1.3.RELEASE.jar;F:\java\maven3\org\springframework\spring-jcl\5.1.3.RELEASE\spring-jcl-5.1.3.RELEASE.jar;F:\java\maven3\org\springframework\spring-test\5.1.3.RELEASE\spring-test-5.1.3.RELEASE.jar;F:\java\maven3\org\xmlunit\xmlunit-core\2.6.2\xmlunit-core-2.6.2.jar;"/>
    <property name="java.vm.vendor" value="Oracle Corporation"/>
    <property name="sun.arch.data.model" value="64"/>
    <property name="user.variant" value=""/>
    <property name="java.vendor.url" value="http://java.oracle.com/"/>
    <property name="user.timezone" value="Asia/Shanghai"/>
    <property name="java.vm.specification.version" value="1.8"/>
    <property name="os.name" value="Windows 10"/>
    <property name="user.country" value="CN"/>
    <property name="sun.java.launcher" value="SUN_STANDARD"/>
    <property name="sun.boot.library.path" value="E:\software\Java8\jre\bin"/>
    <property name="sun.java.command" value="C:\Users\闫波\AppData\Local\Temp\surefire721832105922062334\surefirebooter1308883260464724386.jar C:\Users\闫波\AppData\Local\Temp\surefire721832105922062334 2018-12-02T14-15-17_163-jvmRun1 surefire4228548641542306154tmp surefire_06467938315687971512tmp"/>
    <property name="surefire.test.class.path" value="X:\workSpace\idea\st\target\test-classes;X:\workSpace\idea\st\target\classes;F:\java\maven3\org\springframework\boot\spring-boot-starter-web\2.1.1.RELEASE\spring-boot-starter-web-2.1.1.RELEASE.jar;F:\java\maven3\org\springframework\boot\spring-boot-starter\2.1.1.RELEASE\spring-boot-starter-2.1.1.RELEASE.jar;F:\java\maven3\org\springframework\boot\spring-boot\2.1.1.RELEASE\spring-boot-2.1.1.RELEASE.jar;F:\java\maven3\org\springframework\boot\spring-boot-autoconfigure\2.1.1.RELEASE\spring-boot-autoconfigure-2.1.1.RELEASE.jar;F:\java\maven3\org\springframework\boot\spring-boot-starter-logging\2.1.1.RELEASE\spring-boot-starter-logging-2.1.1.RELEASE.jar;F:\java\maven3\ch\qos\logback\logback-classic\1.2.3\logback-classic-1.2.3.jar;F:\java\maven3\ch\qos\logback\logback-core\1.2.3\logback-core-1.2.3.jar;F:\java\maven3\org\apache\logging\log4j\log4j-to-slf4j\2.11.1\log4j-to-slf4j-2.11.1.jar;F:\java\maven3\org\apache\logging\log4j\log4j-api\2.11.1\log4j-api-2.11.1.jar;F:\java\maven3\org\slf4j\jul-to-slf4j\1.7.25\jul-to-slf4j-1.7.25.jar;F:\java\maven3\javax\annotation\javax.annotation-api\1.3.2\javax.annotation-api-1.3.2.jar;F:\java\maven3\org\yaml\snakeyaml\1.23\snakeyaml-1.23.jar;F:\java\maven3\org\springframework\boot\spring-boot-starter-json\2.1.1.RELEASE\spring-boot-starter-json-2.1.1.RELEASE.jar;F:\java\maven3\com\fasterxml\jackson\core\jackson-databind\2.9.7\jackson-databind-2.9.7.jar;F:\java\maven3\com\fasterxml\jackson\core\jackson-annotations\2.9.0\jackson-annotations-2.9.0.jar;F:\java\maven3\com\fasterxml\jackson\core\jackson-core\2.9.7\jackson-core-2.9.7.jar;F:\java\maven3\com\fasterxml\jackson\datatype\jackson-datatype-jdk8\2.9.7\jackson-datatype-jdk8-2.9.7.jar;F:\java\maven3\com\fasterxml\jackson\datatype\jackson-datatype-jsr310\2.9.7\jackson-datatype-jsr310-2.9.7.jar;F:\java\maven3\com\fasterxml\jackson\module\jackson-module-parameter-names\2.9.7\jackson-module-parameter-names-2.9.7.jar;F:\java\maven3\org\springframework\boot\spring-boot-starter-tomcat\2.1.1.RELEASE\spring-boot-starter-tomcat-2.1.1.RELEASE.jar;F:\java\maven3\org\apache\tomcat\embed\tomcat-embed-core\9.0.13\tomcat-embed-core-9.0.13.jar;F:\java\maven3\org\apache\tomcat\embed\tomcat-embed-el\9.0.13\tomcat-embed-el-9.0.13.jar;F:\java\maven3\org\apache\tomcat\embed\tomcat-embed-websocket\9.0.13\tomcat-embed-websocket-9.0.13.jar;F:\java\maven3\org\hibernate\validator\hibernate-validator\6.0.13.Final\hibernate-validator-6.0.13.Final.jar;F:\java\maven3\javax\validation\validation-api\2.0.1.Final\validation-api-2.0.1.Final.jar;F:\java\maven3\org\jboss\logging\jboss-logging\3.3.2.Final\jboss-logging-3.3.2.Final.jar;F:\java\maven3\com\fasterxml\classmate\1.4.0\classmate-1.4.0.jar;F:\java\maven3\org\springframework\spring-web\5.1.3.RELEASE\spring-web-5.1.3.RELEASE.jar;F:\java\maven3\org\springframework\spring-beans\5.1.3.RELEASE\spring-beans-5.1.3.RELEASE.jar;F:\java\maven3\org\springframework\spring-webmvc\5.1.3.RELEASE\spring-webmvc-5.1.3.RELEASE.jar;F:\java\maven3\org\springframework\spring-aop\5.1.3.RELEASE\spring-aop-5.1.3.RELEASE.jar;F:\java\maven3\org\springframework\spring-context\5.1.3.RELEASE\spring-context-5.1.3.RELEASE.jar;F:\java\maven3\org\springframework\spring-expression\5.1.3.RELEASE\spring-expression-5.1.3.RELEASE.jar;F:\java\maven3\org\springframework\boot\spring-boot-starter-test\2.1.1.RELEASE\spring-boot-starter-test-2.1.1.RELEASE.jar;F:\java\maven3\org\springframework\boot\spring-boot-test\2.1.1.RELEASE\spring-boot-test-2.1.1.RELEASE.jar;F:\java\maven3\org\springframework\boot\spring-boot-test-autoconfigure\2.1.1.RELEASE\spring-boot-test-autoconfigure-2.1.1.RELEASE.jar;F:\java\maven3\com\jayway\jsonpath\json-path\2.4.0\json-path-2.4.0.jar;F:\java\maven3\net\minidev\json-smart\2.3\json-smart-2.3.jar;F:\java\maven3\net\minidev\accessors-smart\1.2\accessors-smart-1.2.jar;F:\java\maven3\org\ow2\asm\asm\5.0.4\asm-5.0.4.jar;F:\java\maven3\org\slf4j\slf4j-api\1.7.25\slf4j-api-1.7.25.jar;F:\java\maven3\junit\junit\4.12\junit-4.12.jar;F:\java\maven3\org\assertj\assertj-core\3.11.1\assertj-core-3.11.1.jar;F:\java\maven3\org\mockito\mockito-core\2.23.4\mockito-core-2.23.4.jar;F:\java\maven3\net\bytebuddy\byte-buddy\1.9.5\byte-buddy-1.9.5.jar;F:\java\maven3\net\bytebuddy\byte-buddy-agent\1.9.5\byte-buddy-agent-1.9.5.jar;F:\java\maven3\org\objenesis\objenesis\2.6\objenesis-2.6.jar;F:\java\maven3\org\hamcrest\hamcrest-core\1.3\hamcrest-core-1.3.jar;F:\java\maven3\org\hamcrest\hamcrest-library\1.3\hamcrest-library-1.3.jar;F:\java\maven3\org\skyscreamer\jsonassert\1.5.0\jsonassert-1.5.0.jar;F:\java\maven3\com\vaadin\external\google\android-json\0.0.20131108.vaadin1\android-json-0.0.20131108.vaadin1.jar;F:\java\maven3\org\springframework\spring-core\5.1.3.RELEASE\spring-core-5.1.3.RELEASE.jar;F:\java\maven3\org\springframework\spring-jcl\5.1.3.RELEASE\spring-jcl-5.1.3.RELEASE.jar;F:\java\maven3\org\springframework\spring-test\5.1.3.RELEASE\spring-test-5.1.3.RELEASE.jar;F:\java\maven3\org\xmlunit\xmlunit-core\2.6.2\xmlunit-core-2.6.2.jar;"/>
    <property name="sun.cpu.endian" value="little"/>
    <property name="user.home" value="C:\Users\闫波"/>
    <property name="user.language" value="zh"/>
    <property name="java.specification.vendor" value="Oracle Corporation"/>
    <property name="java.home" value="E:\software\Java8\jre"/>
    <property name="basedir" value="X:\workSpace\idea\st"/>
    <property name="file.separator" value="\"/>
    <property name="line.separator" value="&#10;"/>
    <property name="java.vm.specification.vendor" value="Oracle Corporation"/>
    <property name="java.specification.name" value="Java Platform API Specification"/>
    <property name="java.awt.graphicsenv" value="sun.awt.Win32GraphicsEnvironment"/>
    <property name="surefire.real.class.path" value="C:\Users\闫波\AppData\Local\Temp\surefire721832105922062334\surefirebooter1308883260464724386.jar"/>
    <property name="sun.boot.class.path" value="E:\software\Java8\jre\lib\resources.jar;E:\software\Java8\jre\lib\rt.jar;E:\software\Java8\jre\lib\sunrsasign.jar;E:\software\Java8\jre\lib\jsse.jar;E:\software\Java8\jre\lib\jce.jar;E:\software\Java8\jre\lib\charsets.jar;E:\software\Java8\jre\lib\jfr.jar;E:\software\Java8\jre\classes"/>
    <property name="user.script" value=""/>
    <property name="sun.management.compiler" value="HotSpot 64-Bit Tiered Compilers"/>
    <property name="java.runtime.version" value="1.8.0_181-b13"/>
    <property name="user.name" value="闫波"/>
    <property name="path.separator" value=";"/>
    <property name="os.version" value="10.0"/>
    <property name="java.endorsed.dirs" value="E:\software\Java8\jre\lib\endorsed"/>
    <property name="java.runtime.name" value="Java(TM) SE Runtime Environment"/>
    <property name="file.encoding" value="GBK"/>
    <property name="java.vm.name" value="Java HotSpot(TM) 64-Bit Server VM"/>
    <property name="localRepository" value="F:\java\maven3"/>
    <property name="java.vendor.url.bug" value="http://bugreport.sun.com/bugreport/"/>
    <property name="java.io.tmpdir" value="C:\Users\闫波\AppData\Local\Temp\"/>
    <property name="idea.version" value="2018.2.3"/>
    <property name="java.version" value="1.8.0_181"/>
    <property name="user.dir" value="X:\workSpace\idea\st"/>
    <property name="os.arch" value="amd64"/>
    <property name="java.vm.specification.name" value="Java Virtual Machine Specification"/>
    <property name="java.awt.printerjob" value="sun.awt.windows.WPrinterJob"/>
    <property name="sun.os.patch.level" value=""/>
    <property name="java.library.path" value="E:\software\Java8\jre\bin;C:\WINDOWS\Sun\Java\bin;C:\WINDOWS\system32;C:\WINDOWS;F:\java\oracleSpace\product\11.2.0\dbhome_1\bin;C:\Program Files (x86)\Intel\Intel(R) Management Engine Components\iCLS\;C:\Program Files\Intel\Intel(R) Management Engine Components\iCLS\;C:\Windows\system32;C:\Windows;C:\Windows\System32\Wbem;C:\Windows\System32\WindowsPowerShell\v1.0\;C:\Program Files (x86)\NVIDIA Corporation\PhysX\Common;C:\Program Files (x86)\Intel\Intel(R) Management Engine Components\DAL;C:\Program Files\Intel\Intel(R) Management Engine Components\DAL;C:\Program Files (x86)\Intel\Intel(R) Management Engine Components\IPT;C:\Program Files\Intel\Intel(R) Management Engine Components\IPT;C:\Program Files\Intel\WiFi\bin\;C:\Program Files\Common Files\Intel\WirelessCommon\;F:\java\mysql8\bin;F:\java\tomcat9\bin;F:\java\tomcat9\lib;F:\Git\cmd;C:\WINDOWS\system32;C:\WINDOWS;C:\WINDOWS\System32\Wbem;C:\WINDOWS\System32\WindowsPowerShell\v1.0\;C:\WINDOWS\System32\OpenSSH\;E:\software\Java8\bin;E:\software\Java8\jre\bin;C:\Users\闫波\AppData\Local\Microsoft\WindowsApps;;."/>
    <property name="java.vm.info" value="mixed mode"/>
    <property name="java.vendor" value="Oracle Corporation"/>
    <property name="java.vm.version" value="25.181-b13"/>
    <property name="java.ext.dirs" value="E:\software\Java8\jre\lib\ext;C:\WINDOWS\Sun\Java\lib\ext"/>
    <property name="sun.io.unicode.encoding" value="UnicodeLittle"/>
    <property name="java.class.version" value="52.0"/>
  </properties>
  <testcase name="contextLoads" classname="com.beyond.st.StApplicationTests" time="0.352"/>
</testsuite>